Build started 11/5/2013 12:40:06 PM.
     1>Project "C:\Workspaces\Images\snakeDP\snakeDP.vcxproj" on node 2 (Build target(s)).
     1>ClCompile:
         C:\Microsoft Visual Studio 11.0\VC\bin\CL.exe /c /ZI /nologo /W3 /WX- /Od /Oy- /D WIN32 /D _DEBUG /D _CONSOLE /D _UNICODE /D UNICODE /Gm /EHsc /RTC1 /MDd /GS /fp:precise /Zc:wchar_t /Zc:forScope /Fo"Debug\\" /Fd"Debug\vc110.pdb" /Gd /TP /analyze- /errorReport:prompt snake.cpp
         snake.cpp
     1>c:\workspaces\images\snakedp\snake.cpp(84): warning C4101: 'i' : unreferenced local variable
     1>c:\workspaces\images\snakedp\snake.cpp(95): warning C4101: 'i' : unreferenced local variable
     1>c:\workspaces\images\snakedp\snake.cpp(142): warning C4018: '<' : signed/unsigned mismatch
     1>c:\workspaces\images\snakedp\snake.cpp(143): warning C4018: '<' : signed/unsigned mismatch
     1>c:\workspaces\images\snakedp\snake.cpp(242): warning C4018: '<' : signed/unsigned mismatch
     1>c:\workspaces\images\snakedp\snake.cpp(243): warning C4018: '<' : signed/unsigned mismatch
     1>c:\workspaces\images\snakedp\snake.cpp(253): warning C4018: '<' : signed/unsigned mismatch
     1>c:\workspaces\images\snakedp\snake.cpp(254): warning C4018: '<' : signed/unsigned mismatch
       Link:
         C:\Microsoft Visual Studio 11.0\VC\bin\link.exe /ERRORREPORT:PROMPT /OUT:"C:\Workspaces\Images\snakeDP\Debug\snakeDP.exe" /INCREMENTAL /NOLOGO kernel32.lib user32.lib gdi32.lib winspool.lib comdlg32.lib advapi32.lib shell32.lib ole32.lib oleaut32.lib uuid.lib odbc32.lib odbccp32.lib /MANIFEST /MANIFESTUAC:"level='asInvoker' uiAccess='false'" /manifest:embed /DEBUG /PDB:"C:\Workspaces\Images\snakeDP\Debug\snakeDP.pdb" /SUBSYSTEM:CONSOLE /TLBID:1 /DYNAMICBASE /NXCOMPAT /IMPLIB:"C:\Workspaces\Images\snakeDP\Debug\snakeDP.lib" /MACHINE:X86 Debug\Basics2D.obj
         Debug\cs1037lib.obj
         Debug\main.obj
         Debug\snake.obj
         snakeDP.vcxproj -> C:\Workspaces\Images\snakeDP\Debug\snakeDP.exe
     1>Done Building Project "C:\Workspaces\Images\snakeDP\snakeDP.vcxproj" (Build target(s)).

Build succeeded.

Time Elapsed 00:00:03.58
