Build started 11/5/2013 11:07:50 PM.
     1>Project "C:\Workspaces\Images\snakeDP\snakeDP.vcxproj" on node 2 (Build target(s)).
     1>ClCompile:
         C:\Microsoft Visual Studio 11.0\VC\bin\CL.exe /c /Zi /nologo /W3 /WX- /O2 /Oi /Oy- /GL /D WIN32 /D NDEBUG /D _CONSOLE /D _UNICODE /D UNICODE /Gm- /EHsc /MD /GS /Gy /fp:precise /Zc:wchar_t /Zc:forScope /Fo"Release\\" /Fd"Release\vc110.pdb" /Gd /TP /analyze- /errorReport:prompt snake.cpp
         snake.cpp
     1>snake.cpp(91): warning C4101: 'i' : unreferenced local variable
     1>snake.cpp(101): warning C4101: 'i' : unreferenced local variable
     1>snake.cpp(147): warning C4018: '<' : signed/unsigned mismatch
     1>snake.cpp(148): warning C4018: '<' : signed/unsigned mismatch
     1>snake.cpp(267): warning C4018: '<' : signed/unsigned mismatch
     1>snake.cpp(268): warning C4018: '<' : signed/unsigned mismatch
     1>snake.cpp(278): warning C4018: '<' : signed/unsigned mismatch
     1>snake.cpp(279): warning C4018: '<' : signed/unsigned mismatch
       Link:
         C:\Microsoft Visual Studio 11.0\VC\bin\link.exe /ERRORREPORT:PROMPT /OUT:"C:\Workspaces\Images\snakeDP\Release\snakeDP.exe" /INCREMENTAL:NO /NOLOGO kernel32.lib user32.lib gdi32.lib winspool.lib comdlg32.lib advapi32.lib shell32.lib ole32.lib oleaut32.lib uuid.lib odbc32.lib odbccp32.lib /MANIFEST /MANIFESTUAC:"level='asInvoker' uiAccess='false'" /manifest:embed /DEBUG /PDB:"C:\Workspaces\Images\snakeDP\Release\snakeDP.pdb" /SUBSYSTEM:CONSOLE /OPT:REF /OPT:ICF /LTCG /TLBID:1 /DYNAMICBASE /NXCOMPAT /IMPLIB:"C:\Workspaces\Images\snakeDP\Release\snakeDP.lib" /MACHINE:X86 /SAFESEH Release\Basics2D.obj
         Release\cs1037lib.obj
         Release\main.obj
         Release\snake.obj
         Generating code
         Finished generating code
         snakeDP.vcxproj -> C:\Workspaces\Images\snakeDP\Release\snakeDP.exe
     1>Done Building Project "C:\Workspaces\Images\snakeDP\snakeDP.vcxproj" (Build target(s)).

Build succeeded.

Time Elapsed 00:00:06.42
